Application/build/outputs/logs/manifest-merger-debug-report.txt
-- Merging decision tree log ---
manifest
ADDED from src/main/AndroidManifest.xml:17:1-43:12
	package
		ADDED from src/main/AndroidManifest.xml:18:11-68
	android:versionName
		ADDED from src/main/AndroidManifest.xml:20:11-36
		INJECTED from src/main/AndroidManifest.xml
		INJECTED from src/main/AndroidManifest.xml
	android:versionCode
		ADDED from src/main/AndroidManifest.xml:19:11-34
		INJECTED from src/main/AndroidManifest.xml
		INJECTED from src/main/AndroidManifest.xml
	xmlns:android
		ADDED from src/main/AndroidManifest.xml:17:11-69
uses-permission#android.permission.USE_FINGERPRINT
ADDED from src/main/AndroidManifest.xml:22:5-73
	android:name
		ADDED from src/main/AndroidManifest.xml:22:22-71
application
ADDED from src/main/AndroidManifest.xml:24:5-42:19
MERGED from [com.android.support:support-v4:23.1.0] AndroidManifest.xml:22:5-20
MERGED from [com.android.support:support-v13:23.1.0] AndroidManifest.xml:22:5-20
MERGED from [com.android.support:support-v4:23.1.0] AndroidManifest.xml:22:5-20
MERGED from [com.android.support:cardview-v7:23.1.0] AndroidManifest.xml:22:5-20
	android:label
		ADDED from src/main/AndroidManifest.xml:27:13-45
	android:allowBackup
		ADDED from src/main/AndroidManifest.xml:26:13-39
	android:icon
		ADDED from src/main/AndroidManifest.xml:28:13-47
	android:theme
		ADDED from src/main/AndroidManifest.xml:29:13-44
	android:name
		ADDED from src/main/AndroidManifest.xml:25:13-48
activity#com.example.android.asymmetricfingerprintdialog.MainActivity
ADDED from src/main/AndroidManifest.xml:31:9-37:20
	android:label
		ADDED from src/main/AndroidManifest.xml:32:19-51
	android:name
		ADDED from src/main/AndroidManifest.xml:31:19-47
intent-filter#android.intent.action.MAIN+android.intent.category.LAUNCHER
ADDED from src/main/AndroidManifest.xml:33:13-36:29
action#android.intent.action.MAIN
ADDED from src/main/AndroidManifest.xml:34:17-68
	android:name
		ADDED from src/main/AndroidManifest.xml:34:25-66
category#android.intent.category.LAUNCHER
ADDED from src/main/AndroidManifest.xml:35:17-76
	android:name
		ADDED from src/main/AndroidManifest.xml:35:27-74
activity#com.example.android.asymmetricfingerprintdialog.SettingsActivity
ADDED from src/main/AndroidManifest.xml:39:9-41:55
	android:label
		ADDED from src/main/AndroidManifest.xml:41:13-52
	android:name
		ADDED from src/main/AndroidManifest.xml:40:13-45
uses-sdk
INJECTED from src/main/AndroidManifest.xml reason: use-sdk injection requested
MERGED from [com.android.support:support-v4:23.1.0] AndroidManifest.xml:20:5-43
MERGED from [com.android.support:support-v13:23.1.0] AndroidManifest.xml:20:5-44
MERGED from [com.android.support:support-v4:23.1.0] AndroidManifest.xml:20:5-43
MERGED from [com.android.support:cardview-v7:23.1.0] AndroidManifest.xml:20:5-43
	android:targetSdkVersion
		INJECTED from src/main/AndroidManifest.xml
		INJECTED from src/main/AndroidManifest.xml
	android:minSdkVersion
		INJECTED from src/main/AndroidManifest.xml
		INJECTED from src/main/AndroidManifest.xml